ERROR 2020-02-12 14:00:08 unity.settings UnitySettings.cpp:404 Invalid monitor index: -1. Returning index 0 monitor instead.
Option 'sandbox' is unknown. Ignoring.
[90m[main 2020-02-12T22:05:37.109Z][0m update#setState idle
[3169:0212/140538.326438:ERROR:buffer_manager.cc(488)] [.DisplayCompositor]GL ERROR :GL_INVALID_OPERATION : glBufferData: <- error from previous GL command
bash: cannot set terminal process group (-1): Inappropriate ioctl for device
bash: no job control in this shell
[3169:0212/140540.889571:ERROR:buffer_manager.cc(488)] [.DisplayCompositor]GL ERROR :GL_INVALID_OPERATION : glBufferData: <- error from previous GL command
context mismatch in svga_sampler_view_destroy
context mismatch in svga_sampler_view_destroy
context mismatch in svga_sampler_view_destroy
context mismatch in svga_sampler_view_destroy
context mismatch in svga_sampler_view_destroy
context mismatch in svga_sampler_view_destroy
context mismatch in svga_sampler_view_destroy
context mismatch in svga_sampler_view_destroy
context mismatch in svga_sampler_view_destroy
context mismatch in svga_sampler_view_destroy
context mismatch in svga_sampler_view_destroy
context mismatch in svga_sampler_view_destroy
context mismatch in svga_sampler_view_destroy
context mismatch in svga_sampler_view_destroy
context mismatch in svga_sampler_view_destroy
context mismatch in svga_sampler_view_destroy
context mismatch in svga_sampler_view_destroy
context mismatch in svga_sampler_view_destroy
context mismatch in svga_sampler_view_destroy
context mismatch in svga_sampler_view_destroy
context mismatch in svga_sampler_view_destroy
context mismatch in svga_sampler_view_destroy
context mismatch in svga_sampler_view_destroy
context mismatch in svga_sampler_view_destroy
context mismatch in svga_sampler_view_destroy
context mismatch in svga_sampler_view_destroy
context mismatch in svga_sampler_view_destroy
context mismatch in svga_sampler_view_destroy
context mismatch in svga_sampler_view_destroy
context mismatch in svga_sampler_view_destroy
context mismatch in svga_sampler_view_destroy
context mismatch in svga_sampler_view_destroy
context mismatch in svga_sampler_view_destroy
context mismatch in svga_sampler_view_destroy
context mismatch in svga_sampler_view_destroy
context mismatch in svga_sampler_view_destroy
context mismatch in svga_sampler_view_destroy
context mismatch in svga_sampler_view_destroy
context mismatch in svga_sampler_view_destroy
context mismatch in svga_sampler_view_destroy
context mismatch in svga_sampler_view_destroy
context mismatch in svga_sampler_view_destroy
context mismatch in svga_sampler_view_destroy
context mismatch in svga_sampler_view_destroy
context mismatch in svga_sampler_view_destroy
context mismatch in svga_sampler_view_destroy
context mismatch in svga_sampler_view_destroy
context mismatch in svga_sampler_view_destroy
context mismatch in svga_sampler_view_destroy
context mismatch in svga_sampler_view_destroy
context mismatch in svga_sampler_view_destroy
context mismatch in svga_sampler_view_destroy
context mismatch in svga_sampler_view_destroy
context mismatch in svga_sampler_view_destroy
context mismatch in svga_sampler_view_destroy
context mismatch in svga_sampler_view_destroy
context mismatch in svga_sampler_view_destroy
context mismatch in svga_sampler_view_destroy
[90m[main 2020-02-12T22:06:07.119Z][0m update#setState checking for updates
[90m[main 2020-02-12T22:06:07.525Z][0m update#setState available for download
context mismatch in svga_sampler_view_destroy
context mismatch in svga_sampler_view_destroy
context mismatch in svga_sampler_view_destroy
context mismatch in svga_sampler_view_destroy
context mismatch in svga_sampler_view_destroy
context mismatch in svga_sampler_view_destroy
context mismatch in svga_sampler_view_destroy
context mismatch in svga_sampler_view_destroy
context mismatch in svga_sampler_view_destroy
context mismatch in svga_sampler_view_destroy
context mismatch in svga_sampler_view_destroy
context mismatch in svga_sampler_view_destroy
context mismatch in svga_sampler_view_destroy
context mismatch in svga_sampler_view_destroy
context mismatch in svga_sampler_view_destroy
context mismatch in svga_sampler_view_destroy
context mismatch in svga_sampler_view_destroy
context mismatch in svga_sampler_view_destroy
context mismatch in svga_sampler_view_destroy
context mismatch in svga_sampler_view_destroy
context mismatch in svga_sampler_view_destroy
context mismatch in svga_sampler_view_destroy
context mismatch in svga_sampler_view_destroy
context mismatch in svga_sampler_view_destroy
context mismatch in svga_sampler_view_destroy
context mismatch in svga_sampler_view_destroy
context mismatch in svga_sampler_view_destroy
context mismatch in svga_sampler_view_destroy
context mismatch in svga_sampler_view_destroy
context mismatch in svga_sampler_view_destroy
context mismatch in svga_sampler_view_destroy
context mismatch in svga_sampler_view_destroy
context mismatch in svga_sampler_view_destroy
context mismatch in svga_sampler_view_destroy
context mismatch in svga_sampler_view_destroy
context mismatch in svga_sampler_view_destroy
context mismatch in svga_sampler_view_destroy
context mismatch in svga_sampler_view_destroy
context mismatch in svga_sampler_view_destroy
context mismatch in svga_sampler_view_destroy
context mismatch in svga_sampler_view_destroy
context mismatch in svga_sampler_view_destroy
context mismatch in svga_sampler_view_destroy
context mismatch in svga_sampler_view_destroy
context mismatch in svga_sampler_view_destroy
context mismatch in svga_sampler_view_destroy
context mismatch in svga_sampler_view_destroy
context mismatch in svga_sampler_view_destroy
context mismatch in svga_sampler_view_destroy
context mismatch in svga_sampler_view_destroy
context mismatch in svga_sampler_view_destroy
context mismatch in svga_sampler_view_destroy
context mismatch in svga_sampler_view_destroy
context mismatch in svga_sampler_view_destroy
context mismatch in svga_sampler_view_destroy
context mismatch in svga_sampler_view_destroy
context mismatch in svga_sampler_view_destroy
context mismatch in svga_sampler_view_destroy
context mismatch in svga_sampler_view_destroy
context mismatch in svga_sampler_view_destroy
context mismatch in svga_sampler_view_destroy
context mismatch in svga_sampler_view_destroy
context mismatch in svga_sampler_view_destroy
context mismatch in svga_sampler_view_destroy
context mismatch in svga_sampler_view_destroy
context mismatch in svga_sampler_view_destroy
context mismatch in svga_sampler_view_destroy
context mismatch in svga_sampler_view_destroy
context mismatch in svga_sampler_view_destroy
context mismatch in svga_sampler_view_destroy
context mismatch in svga_sampler_view_destroy
context mismatch in svga_sampler_view_destroy
context mismatch in svga_sampler_view_destroy
context mismatch in svga_sampler_view_destroy
context mismatch in svga_sampler_view_destroy
context mismatch in svga_sampler_view_destroy
context mismatch in svga_sampler_view_destroy
context mismatch in svga_sampler_view_destroy
context mismatch in svga_sampler_view_destroy
context mismatch in svga_sampler_view_destroy
context mismatch in svga_sampler_view_destroy
[14463:1:0212/173927.775055:ERROR:child_process_sandbox_support_impl_linux.cc(79)] FontService unique font name matching request did not receive a response.
[14463:1:0212/173927.778229:ERROR:child_process_sandbox_support_impl_linux.cc(79)] FontService unique font name matching request did not receive a response.
