0 info it worked if it ends with ok
1 verbose cli [
1 verbose cli   '/home/rango527/.nvm/versions/node/v12.14.1/bin/node',
1 verbose cli   '/home/rango527/.nvm/versions/node/v12.14.1/bin/npm',
1 verbose cli   'start'
1 verbose cli ]
2 info using npm@6.13.4
3 info using node@v12.14.1
4 verbose config Skipping project config: /home/rango527/.npmrc. (matches userconfig)
5 verbose stack Error: ENOENT: no such file or directory, open '/home/rango527/package.json'
6 verbose cwd /home/rango527
7 verbose Linux 4.15.0-45-generic
8 verbose argv "/home/rango527/.nvm/versions/node/v12.14.1/bin/node" "/home/rango527/.nvm/versions/node/v12.14.1/bin/npm" "start"
9 verbose node v12.14.1
10 verbose npm  v6.13.4
11 error code ENOENT
12 error syscall open
13 error path /home/rango527/package.json
14 error errno -2
15 error enoent ENOENT: no such file or directory, open '/home/rango527/package.json'
16 error enoent This is related to npm not being able to find a file.
17 verbose exit [ -2, true ]
