0 info it worked if it ends with ok
1 verbose cli [
1 verbose cli   '/home/rango527/.nvm/versions/node/v12.14.1/bin/node',
1 verbose cli   '/home/rango527/.nvm/versions/node/v12.14.1/bin/npm',
1 verbose cli   'start'
1 verbose cli ]
2 info using npm@6.13.4
3 info using node@v12.14.1
4 verbose run-script [ 'prestart', 'start', 'poststart' ]
5 info lifecycle my-app@0.1.0~prestart: my-app@0.1.0
6 info lifecycle my-app@0.1.0~start: my-app@0.1.0
7 verbose lifecycle my-app@0.1.0~start: unsafe-perm in lifecycle true
8 verbose lifecycle my-app@0.1.0~start: PATH: /home/rango527/.nvm/versions/node/v12.14.1/lib/node_modules/npm/node_modules/npm-lifecycle/node-gyp-bin:/home/rango527/my-app/node_modules/.bin:/home/rango527/.nvm/versions/node/v12.14.1/bin:/home/rango527/bin:/home/rango527/.local/bin:/home/rango527/bin:/home/rango527/.local/bin:/usr/local/sbin:/usr/local/bin:/usr/sbin:/usr/bin:/sbin:/bin:/usr/games:/usr/local/games:/snap/bin
9 verbose lifecycle my-app@0.1.0~start: CWD: /home/rango527/my-app
10 silly lifecycle my-app@0.1.0~start: Args: [ '-c', 'react-scripts start' ]
11 silly lifecycle my-app@0.1.0~start: Returned: code: 1  signal: null
12 info lifecycle my-app@0.1.0~start: Failed to exec start script
13 verbose stack Error: my-app@0.1.0 start: `react-scripts start`
13 verbose stack Exit status 1
13 verbose stack     at EventEmitter.<anonymous> (/home/rango527/.nvm/versions/node/v12.14.1/lib/node_modules/npm/node_modules/npm-lifecycle/index.js:332:16)
13 verbose stack     at EventEmitter.emit (events.js:223:5)
13 verbose stack     at ChildProcess.<anonymous> (/home/rango527/.nvm/versions/node/v12.14.1/lib/node_modules/npm/node_modules/npm-lifecycle/lib/spawn.js:55:14)
13 verbose stack     at ChildProcess.emit (events.js:223:5)
13 verbose stack     at maybeClose (internal/child_process.js:1021:16)
13 verbose stack     at Process.ChildProcess._handle.onexit (internal/child_process.js:283:5)
14 verbose pkgid my-app@0.1.0
15 verbose cwd /home/rango527/my-app/src
16 verbose Linux 4.15.0-45-generic
17 verbose argv "/home/rango527/.nvm/versions/node/v12.14.1/bin/node" "/home/rango527/.nvm/versions/node/v12.14.1/bin/npm" "start"
18 verbose node v12.14.1
19 verbose npm  v6.13.4
20 error code ELIFECYCLE
21 error errno 1
22 error my-app@0.1.0 start: `react-scripts start`
22 error Exit status 1
23 error Failed at the my-app@0.1.0 start script.
23 error This is probably not a problem with npm. There is likely additional logging output above.
24 verbose exit [ 1, true ]
