0 info it worked if it ends with ok
1 verbose cli [
1 verbose cli   '/home/rango527/.nvm/versions/node/v12.14.1/bin/node',
1 verbose cli   '/home/rango527/.nvm/versions/node/v12.14.1/bin/npm',
1 verbose cli   'start'
1 verbose cli ]
2 info using npm@6.13.4
3 info using node@v12.14.1
4 verbose run-script [ 'prestart', 'start', 'poststart' ]
5 info lifecycle my-app@0.1.0~prestart: my-app@0.1.0
6 info lifecycle my-app@0.1.0~start: my-app@0.1.0
7 verbose lifecycle my-app@0.1.0~start: unsafe-perm in lifecycle true
8 verbose lifecycle my-app@0.1.0~start: PATH: /home/rango527/.nvm/versions/node/v12.14.1/lib/node_modules/npm/node_modules/npm-lifecycle/node-gyp-bin:/home/rango527/1_react/shopping-cart/node_modules/.bin:/home/rango527/bin:/home/rango527/.local/bin:/home/rango527/.nvm/versions/node/v12.14.1/bin:/home/rango527/bin:/home/rango527/.local/bin:/usr/local/sbin:/usr/local/bin:/usr/sbin:/usr/bin:/sbin:/bin:/usr/games:/usr/local/games:/snap/bin
9 verbose lifecycle my-app@0.1.0~start: CWD: /home/rango527/1_react/shopping-cart
10 silly lifecycle my-app@0.1.0~start: Args: [ '-c', 'react-scripts start' ]
11 info lifecycle my-app@0.1.0~start: Failed to exec start script
12 verbose stack Error: my-app@0.1.0 start: `react-scripts start`
12 verbose stack spawn ENOENT
12 verbose stack     at ChildProcess.<anonymous> (/home/rango527/.nvm/versions/node/v12.14.1/lib/node_modules/npm/node_modules/npm-lifecycle/lib/spawn.js:48:18)
12 verbose stack     at ChildProcess.emit (events.js:223:5)
12 verbose stack     at maybeClose (internal/child_process.js:1021:16)
12 verbose stack     at Process.ChildProcess._handle.onexit (internal/child_process.js:283:5)
13 verbose pkgid my-app@0.1.0
14 verbose cwd /home/rango527/1_react/shopping-cart
15 verbose Linux 4.15.0-45-generic
16 verbose argv "/home/rango527/.nvm/versions/node/v12.14.1/bin/node" "/home/rango527/.nvm/versions/node/v12.14.1/bin/npm" "start"
17 verbose node v12.14.1
18 verbose npm  v6.13.4
19 error code ELIFECYCLE
20 error syscall spawn
21 error file sh
22 error errno ENOENT
23 error my-app@0.1.0 start: `react-scripts start`
23 error spawn ENOENT
24 error Failed at the my-app@0.1.0 start script.
24 error This is probably not a problem with npm. There is likely additional logging output above.
25 verbose exit [ 1, true ]
